
=== Fri Feb 14 14:32:54 2020

Packages were changed.
Update Mode: updateDependencies

The following packages were added:
  com.unity.2d.tilemap@1.0.0
  com.unity.analytics@3.3.2
  com.unity.purchasing@2.0.6
  com.unity.ads@2.0.8
  com.unity.2d.sprite@1.0.0
  com.unity.xr.legacyinputhelpers@1.3.7
  com.unity.multiplayer-hlapi@1.0.4

=== Fri Feb 14 14:59:19 2020

Packages were changed.
Update Mode: updateDependencies

The following packages were updated:
  com.unity.analytics from version 3.3.2 to 3.3.5
  com.unity.ide.rider from version 1.1.0 to 1.1.4
  com.unity.ide.vscode from version 1.1.2 to 1.1.4
  com.unity.test-framework from version 1.1.3 to 1.1.11
  com.unity.timeline from version 1.2.4 to 1.2.10
  com.unity.xr.legacyinputhelpers from version 1.3.7 to 1.3.8
  com.unity.xr.management from version 3.0.3 to 3.0.5
